This is pdfTeX, Version 3.141592653-2.6-1.40.25 (TeX Live 2023/Debian) (preloaded format=pdflatex 2024.3.15)  22 APR 2024 14:53
entering extended mode
 restricted \write18 enabled.
 file:line:error style messages enabled.
 %&-line parsing enabled.
**/home/rezgar/github/talk/copper-2024/slides/copper-2024.tex
(/home/rezgar/github/talk/copper-2024/slides/copper-2024.tex
LaTeX2e <2023-06-01>
L3 programming layer <2023-06-05>
(/usr/share/texlive/texmf-dist/tex/latex/beamer/beamer.cls
Document Class: beamer 2023/05/15 v3.70 A class for typesetting presentations
(/usr/share/texlive/texmf-dist/tex/latex/beamer/beamerbasemodes.sty (/usr/share/texlive/texmf-dist/tex/latex/etoolbox/etoolbox.sty
Package: etoolbox 2020/10/05 v2.5k e-TeX tools for LaTeX (JAW)
\etb@tempcnta=\count185
)
\beamer@tempbox=\box51
\beamer@tempcount=\count186
\c@beamerpauses=\count187
 (/usr/share/texlive/texmf-dist/tex/latex/beamer/beamerbasedecode.sty
\beamer@slideinframe=\count188
\beamer@minimum=\count189
\beamer@decode@box=\box52
)
\beamer@commentbox=\box53
\beamer@modecount=\count190
) (/usr/share/texlive/texmf-dist/tex/generic/iftex/iftex.sty
Package: iftex 2022/02/03 v1.0f TeX engine tests
)
\headdp=\dimen140
\footheight=\dimen141
\sidebarheight=\dimen142
\beamer@tempdim=\dimen143
\beamer@finalheight=\dimen144
\beamer@animht=\dimen145
\beamer@animdp=\dimen146
\beamer@animwd=\dimen147
\beamer@leftmargin=\dimen148
\beamer@rightmargin=\dimen149
\beamer@leftsidebar=\dimen150
\beamer@rightsidebar=\dimen151
\beamer@boxsize=\dimen152
\beamer@vboxoffset=\dimen153
\beamer@descdefault=\dimen154
\beamer@descriptionwidth=\dimen155
\beamer@lastskip=\skip48
\beamer@areabox=\box54
\beamer@animcurrent=\box55
\beamer@animshowbox=\box56
\beamer@sectionbox=\box57
\beamer@logobox=\box58
\beamer@linebox=\box59
\beamer@sectioncount=\count191
\beamer@subsubsectionmax=\count192
\beamer@subsectionmax=\count193
\beamer@sectionmax=\count194
\beamer@totalheads=\count195
\beamer@headcounter=\count196
\beamer@partstartpage=\count197
\beamer@sectionstartpage=\count198
\beamer@subsectionstartpage=\count199
\beamer@animationtempa=\count266
\beamer@animationtempb=\count267
\beamer@xpos=\count268
\beamer@ypos=\count269
\beamer@ypos@offset=\count270
\beamer@showpartnumber=\count271
\beamer@currentsubsection=\count272
\beamer@coveringdepth=\count273
\beamer@sectionadjust=\count274
\beamer@toclastsection=\count275
\beamer@tocsectionnumber=\count276
 (/usr/share/texlive/texmf-dist/tex/latex/beamer/beamerbaseoptions.sty (/usr/share/texlive/texmf-dist/tex/latex/graphics/keyval.sty
Package: keyval 2022/05/29 v1.15 key=value parser (DPC)
\KV@toks@=\toks17
))
\beamer@paperwidth=\skip49
\beamer@paperheight=\skip50
 (/usr/share/texlive/texmf-dist/tex/latex/geometry/geometry.sty
Package: geometry 2020/01/02 v5.9 Page Geometry
 (/usr/share/texlive/texmf-dist/tex/generic/iftex/ifvtex.sty
Package: ifvtex 2019/10/25 v1.7 ifvtex legacy package. Use iftex instead.
)
\Gm@cnth=\count277
\Gm@cntv=\count278
\c@Gm@tempcnt=\count279
\Gm@bindingoffset=\dimen156
\Gm@wd@mp=\dimen157
\Gm@odd@mp=\dimen158
\Gm@even@mp=\dimen159
\Gm@layoutwidth=\dimen160
\Gm@layoutheight=\dimen161
\Gm@layouthoffset=\dimen162
\Gm@layoutvoffset=\dimen163
\Gm@dimlist=\toks18
) (/usr/share/texlive/texmf-dist/tex/latex/pgf/math/pgfmath.sty (/usr/share/texlive/texmf-dist/tex/latex/pgf/utilities/pgfrcs.sty (/usr/share/texlive/texmf-dist/tex/generic/pgf/utilities/pgfutil-common.tex
\pgfutil@everybye=\toks19
\pgfutil@tempdima=\dimen164
\pgfutil@tempdimb=\dimen165
) (/usr/share/texlive/texmf-dist/tex/generic/pgf/utilities/pgfutil-latex.def
\pgfutil@abb=\box60
) (/usr/share/texlive/texmf-dist/tex/generic/pgf/utilities/pgfrcs.code.tex (/usr/share/texlive/texmf-dist/tex/generic/pgf/pgf.revision.tex)
Package: pgfrcs 2023-01-15 v3.1.10 (3.1.10)
)) (/usr/share/texlive/texmf-dist/tex/latex/pgf/utilities/pgfkeys.sty (/usr/share/texlive/texmf-dist/tex/generic/pgf/utilities/pgfkeys.code.tex
\pgfkeys@pathtoks=\toks20
\pgfkeys@temptoks=\toks21
 (/usr/share/texlive/texmf-dist/tex/generic/pgf/utilities/pgfkeyslibraryfiltered.code.tex
\pgfkeys@tmptoks=\toks22
))) (/usr/share/texlive/texmf-dist/tex/generic/pgf/math/pgfmath.code.tex (/usr/share/texlive/texmf-dist/tex/generic/pgf/math/pgfmathutil.code.tex
\pgf@x=\dimen166
\pgf@xa=\dimen167
\pgf@xb=\dimen168
\pgf@xc=\dimen169
\pgf@y=\dimen170
\pgf@ya=\dimen171
\pgf@yb=\dimen172
\pgf@yc=\dimen173
\c@pgf@counta=\count280
\c@pgf@countb=\count281
\c@pgf@countc=\count282
\c@pgf@countd=\count283
) (/usr/share/texlive/texmf-dist/tex/generic/pgf/math/pgfmathparser.code.tex
\pgfmath@dimen=\dimen174
\pgfmath@count=\count284
\pgfmath@box=\box61
\pgfmath@toks=\toks23
\pgfmath@stack@operand=\toks24
\pgfmath@stack@operation=\toks25
) (/usr/share/texlive/texmf-dist/tex/generic/pgf/math/pgfmathfunctions.code.tex) (/usr/share/texlive/texmf-dist/tex/generic/pgf/math/pgfmathfunctions.basic.code.tex) (/usr/share/texlive/texmf-dist/tex/generic/pgf/math/pgfmathfunctions.trigonometric.code.tex) (/usr/share/texlive/texmf-dist/tex/generic/pgf/math/pgfmathfunctions.random.code.tex) (/usr/share/texlive/texmf-dist/tex/generic/pgf/math/pgfmathfunctions.comparison.code.tex) (/usr/share/texlive/texmf-dist/tex/generic/pgf/math/pgfmathfunctions.base.code.tex) (/usr/share/texlive/texmf-dist/tex/generic/pgf/math/pgfmathfunctions.round.code.tex) (/usr/share/texlive/texmf-dist/tex/generic/pgf/math/pgfmathfunctions.misc.code.tex) (/usr/share/texlive/texmf-dist/tex/generic/pgf/math/pgfmathfunctions.integerarithmetics.code.tex) (/usr/share/texlive/texmf-dist/tex/generic/pgf/math/pgfmathcalc.code.tex) (/usr/share/texlive/texmf-dist/tex/generic/pgf/math/pgfmathfloat.code.tex
\c@pgfmathroundto@lastzeros=\count285
))) (/usr/share/texlive/texmf-dist/tex/latex/base/size11.clo
File: size11.clo 2023/05/17 v1.4n Standard LaTeX file (size option)
) (/usr/share/texlive/texmf-dist/tex/latex/pgf/basiclayer/pgfcore.sty (/usr/share/texlive/texmf-dist/tex/latex/graphics/graphicx.sty
Package: graphicx 2021/09/16 v1.2d Enhanced LaTeX Graphics (DPC,SPQR)
 (/usr/share/texlive/texmf-dist/tex/latex/graphics/graphics.sty
Package: graphics 2022/03/10 v1.4e Standard LaTeX Graphics (DPC,SPQR)
 (/usr/share/texlive/texmf-dist/tex/latex/graphics/trig.sty
Package: trig 2021/08/11 v1.11 sin cos tan (DPC)
) (/usr/share/texlive/texmf-dist/tex/latex/graphics-cfg/graphics.cfg
File: graphics.cfg 2016/06/04 v1.11 sample graphics configuration
)
Package graphics Info: Driver file: pdftex.def on input line 107.
 (/usr/share/texlive/texmf-dist/tex/latex/graphics-def/pdftex.def
File: pdftex.def 2022/09/22 v1.2b Graphics/color driver for pdftex
))
\Gin@req@height=\dimen175
\Gin@req@width=\dimen176
) (/usr/share/texlive/texmf-dist/tex/latex/pgf/systemlayer/pgfsys.sty (/usr/share/texlive/texmf-dist/tex/generic/pgf/systemlayer/pgfsys.code.tex
Package: pgfsys 2023-01-15 v3.1.10 (3.1.10)
\pgf@x=\dimen177
\pgf@y=\dimen178
\pgf@xa=\dimen179
\pgf@ya=\dimen180
\pgf@xb=\dimen181
\pgf@yb=\dimen182
\pgf@xc=\dimen183
\pgf@yc=\dimen184
\pgf@xd=\dimen185
\pgf@yd=\dimen186
\w@pgf@writea=\write3
\r@pgf@reada=\read2
\c@pgf@counta=\count286
\c@pgf@countb=\count287
\c@pgf@countc=\count288
\c@pgf@countd=\count289
\t@pgf@toka=\toks26
\t@pgf@tokb=\toks27
\t@pgf@tokc=\toks28
\pgf@sys@id@count=\count290
 (/usr/share/texlive/texmf-dist/tex/generic/pgf/systemlayer/pgf.cfg
File: pgf.cfg 2023-01-15 v3.1.10 (3.1.10)
)
Driver file for pgf: pgfsys-pdftex.def
 (/usr/share/texlive/texmf-dist/tex/generic/pgf/systemlayer/pgfsys-pdftex.def
File: pgfsys-pdftex.def 2023-01-15 v3.1.10 (3.1.10)
 (/usr/share/texlive/texmf-dist/tex/generic/pgf/systemlayer/pgfsys-common-pdf.def
File: pgfsys-common-pdf.def 2023-01-15 v3.1.10 (3.1.10)
))) (/usr/share/texlive/texmf-dist/tex/generic/pgf/systemlayer/pgfsyssoftpath.code.tex
File: pgfsyssoftpath.code.tex 2023-01-15 v3.1.10 (3.1.10)
\pgfsyssoftpath@smallbuffer@items=\count291
\pgfsyssoftpath@bigbuffer@items=\count292
) (/usr/share/texlive/texmf-dist/tex/generic/pgf/systemlayer/pgfsysprotocol.code.tex
File: pgfsysprotocol.code.tex 2023-01-15 v3.1.10 (3.1.10)
)) (/usr/share/texlive/texmf-dist/tex/latex/xcolor/xcolor.sty
Package: xcolor 2022/06/12 v2.14 LaTeX color extensions (UK)
 (/usr/share/texlive/texmf-dist/tex/latex/graphics-cfg/color.cfg
File: color.cfg 2016/01/02 v1.6 sample color configuration
)
Package xcolor Info: Driver file: pdftex.def on input line 227.
 (/usr/share/texlive/texmf-dist/tex/latex/graphics/mathcolor.ltx)
Package xcolor Info: Model `cmy' substituted by `cmy0' on input line 1353.
Package xcolor Info: Model `hsb' substituted by `rgb' on input line 1357.
Package xcolor Info: Model `RGB' extended on input line 1369.
Package xcolor Info: Model `HTML' substituted by `rgb' on input line 1371.
Package xcolor Info: Model `Hsb' substituted by `hsb' on input line 1372.
Package xcolor Info: Model `tHsb' substituted by `hsb' on input line 1373.
Package xcolor Info: Model `HSB' substituted by `hsb' on input line 1374.
Package xcolor Info: Model `Gray' substituted by `gray' on input line 1375.
Package xcolor Info: Model `wave' substituted by `hsb' on input line 1376.
) (/usr/share/texlive/texmf-dist/tex/generic/pgf/basiclayer/pgfcore.code.tex
Package: pgfcore 2023-01-15 v3.1.10 (3.1.10)
 (/usr/share/texlive/texmf-dist/tex/generic/pgf/math/pgfint.code.tex) (/usr/share/texlive/texmf-dist/tex/generic/pgf/basiclayer/pgfcorepoints.code.tex
File: pgfcorepoints.code.tex 2023-01-15 v3.1.10 (3.1.10)
\pgf@picminx=\dimen187
\pgf@picmaxx=\dimen188
\pgf@picminy=\dimen189
\pgf@picmaxy=\dimen190
\pgf@pathminx=\dimen191
\pgf@pathmaxx=\dimen192
\pgf@pathminy=\dimen193
\pgf@pathmaxy=\dimen194
\pgf@xx=\dimen195
\pgf@xy=\dimen196
\pgf@yx=\dimen197
\pgf@yy=\dimen198
\pgf@zx=\dimen199
\pgf@zy=\dimen256
) (/usr/share/texlive/texmf-dist/tex/generic/pgf/basiclayer/pgfcorepathconstruct.code.tex
File: pgfcorepathconstruct.code.tex 2023-01-15 v3.1.10 (3.1.10)
\pgf@path@lastx=\dimen257
\pgf@path@lasty=\dimen258
) (/usr/share/texlive/texmf-dist/tex/generic/pgf/basiclayer/pgfcorepathusage.code.tex
File: pgfcorepathusage.code.tex 2023-01-15 v3.1.10 (3.1.10)
\pgf@shorten@end@additional=\dimen259
\pgf@shorten@start@additional=\dimen260
) (/usr/share/texlive/texmf-dist/tex/generic/pgf/basiclayer/pgfcorescopes.code.tex
File: pgfcorescopes.code.tex 2023-01-15 v3.1.10 (3.1.10)
\pgfpic=\box62
\pgf@hbox=\box63
\pgf@layerbox@main=\box64
\pgf@picture@serial@count=\count293
) (/usr/share/texlive/texmf-dist/tex/generic/pgf/basiclayer/pgfcoregraphicstate.code.tex
File: pgfcoregraphicstate.code.tex 2023-01-15 v3.1.10 (3.1.10)
\pgflinewidth=\dimen261
) (/usr/share/texlive/texmf-dist/tex/generic/pgf/basiclayer/pgfcoretransformations.code.tex
File: pgfcoretransformations.code.tex 2023-01-15 v3.1.10 (3.1.10)
\pgf@pt@x=\dimen262
\pgf@pt@y=\dimen263
\pgf@pt@temp=\dimen264
) (/usr/share/texlive/texmf-dist/tex/generic/pgf/basiclayer/pgfcorequick.code.tex
File: pgfcorequick.code.tex 2023-01-15 v3.1.10 (3.1.10)
) (/usr/share/texlive/texmf-dist/tex/generic/pgf/basiclayer/pgfcoreobjects.code.tex
File: pgfcoreobjects.code.tex 2023-01-15 v3.1.10 (3.1.10)
) (/usr/share/texlive/texmf-dist/tex/generic/pgf/basiclayer/pgfcorepathprocessing.code.tex
File: pgfcorepathprocessing.code.tex 2023-01-15 v3.1.10 (3.1.10)
) (/usr/share/texlive/texmf-dist/tex/generic/pgf/basiclayer/pgfcorearrows.code.tex
File: pgfcorearrows.code.tex 2023-01-15 v3.1.10 (3.1.10)
\pgfarrowsep=\dimen265
) (/usr/share/texlive/texmf-dist/tex/generic/pgf/basiclayer/pgfcoreshade.code.tex
File: pgfcoreshade.code.tex 2023-01-15 v3.1.10 (3.1.10)
\pgf@max=\dimen266
\pgf@sys@shading@range@num=\count294
\pgf@shadingcount=\count295
) (/usr/share/texlive/texmf-dist/tex/generic/pgf/basiclayer/pgfcoreimage.code.tex
File: pgfcoreimage.code.tex 2023-01-15 v3.1.10 (3.1.10)
) (/usr/share/texlive/texmf-dist/tex/generic/pgf/basiclayer/pgfcoreexternal.code.tex
File: pgfcoreexternal.code.tex 2023-01-15 v3.1.10 (3.1.10)
\pgfexternal@startupbox=\box65
) (/usr/share/texlive/texmf-dist/tex/generic/pgf/basiclayer/pgfcorelayers.code.tex
File: pgfcorelayers.code.tex 2023-01-15 v3.1.10 (3.1.10)
) (/usr/share/texlive/texmf-dist/tex/generic/pgf/basiclayer/pgfcoretransparency.code.tex
File: pgfcoretransparency.code.tex 2023-01-15 v3.1.10 (3.1.10)
) (/usr/share/texlive/texmf-dist/tex/generic/pgf/basiclayer/pgfcorepatterns.code.tex
File: pgfcorepatterns.code.tex 2023-01-15 v3.1.10 (3.1.10)
) (/usr/share/texlive/texmf-dist/tex/generic/pgf/basiclayer/pgfcorerdf.code.tex
File: pgfcorerdf.code.tex 2023-01-15 v3.1.10 (3.1.10)
))) (/usr/share/texlive/texmf-dist/tex/latex/pgf/utilities/xxcolor.sty
Package: xxcolor 2003/10/24 ver 0.1
\XC@nummixins=\count296
\XC@countmixins=\count297
) (/usr/share/texlive/texmf-dist/tex/latex/base/atbegshi-ltx.sty
Package: atbegshi-ltx 2021/01/10 v1.0c Emulation of the original atbegshi
package with kernel methods
) (/usr/share/texlive/texmf-dist/tex/latex/hyperref/hyperref.sty
Package: hyperref 2023-05-16 v7.00y Hypertext links for LaTeX
 (/usr/share/texlive/texmf-dist/tex/generic/ltxcmds/ltxcmds.sty
Package: ltxcmds 2020-05-10 v1.25 LaTeX kernel commands for general use (HO)
) (/usr/share/texlive/texmf-dist/tex/generic/pdftexcmds/pdftexcmds.sty
Package: pdftexcmds 2020-06-27 v0.33 Utility functions of pdfTeX for LuaTeX (HO)
 (/usr/share/texlive/texmf-dist/tex/generic/infwarerr/infwarerr.sty
Package: infwarerr 2019/12/03 v1.5 Providing info/warning/error messages (HO)
)
Package pdftexcmds Info: \pdf@primitive is available.
Package pdftexcmds Info: \pdf@ifprimitive is available.
Package pdftexcmds Info: \pdfdraftmode found.
) (/usr/share/texlive/texmf-dist/tex/latex/kvsetkeys/kvsetkeys.sty
Package: kvsetkeys 2022-10-05 v1.19 Key value parser (HO)
) (/usr/share/texlive/texmf-dist/tex/generic/kvdefinekeys/kvdefinekeys.sty
Package: kvdefinekeys 2019-12-19 v1.6 Define keys (HO)
) (/usr/share/texlive/texmf-dist/tex/generic/pdfescape/pdfescape.sty
Package: pdfescape 2019/12/09 v1.15 Implements pdfTeX's escape features (HO)
) (/usr/share/texlive/texmf-dist/tex/latex/hycolor/hycolor.sty
Package: hycolor 2020-01-27 v1.10 Color options for hyperref/bookmark (HO)
) (/usr/share/texlive/texmf-dist/tex/latex/letltxmacro/letltxmacro.sty
Package: letltxmacro 2019/12/03 v1.6 Let assignment for LaTeX macros (HO)
) (/usr/share/texlive/texmf-dist/tex/latex/auxhook/auxhook.sty
Package: auxhook 2019-12-17 v1.6 Hooks for auxiliary files (HO)
) (/usr/share/texlive/texmf-dist/tex/latex/hyperref/nameref.sty
Package: nameref 2023-05-16 v2.51 Cross-referencing by name of section
 (/usr/share/texlive/texmf-dist/tex/latex/refcount/refcount.sty
Package: refcount 2019/12/15 v3.6 Data extraction from label references (HO)
) (/usr/share/texlive/texmf-dist/tex/generic/gettitlestring/gettitlestring.sty
Package: gettitlestring 2019/12/15 v1.6 Cleanup title references (HO)
 (/usr/share/texlive/texmf-dist/tex/latex/kvoptions/kvoptions.sty
Package: kvoptions 2022-06-15 v3.15 Key value format for package options (HO)
))
\c@section@level=\count298
)
\@linkdim=\dimen267
\Hy@linkcounter=\count299
\Hy@pagecounter=\count300
 (/usr/share/texlive/texmf-dist/tex/latex/hyperref/pd1enc.def
File: pd1enc.def 2023-05-16 v7.00y Hyperref: PDFDocEncoding definition (HO)
Now handling font encoding PD1 ...
... no UTF-8 mapping file for font encoding PD1
) (/usr/share/texlive/texmf-dist/tex/generic/intcalc/intcalc.sty
Package: intcalc 2019/12/15 v1.3 Expandable calculations with integers (HO)
)
\Hy@SavedSpaceFactor=\count301
 (/usr/share/texlive/texmf-dist/tex/latex/hyperref/puenc.def
File: puenc.def 2023-05-16 v7.00y Hyperref: PDF Unicode definition (HO)
Now handling font encoding PU ...
... no UTF-8 mapping file for font encoding PU
)
Package hyperref Info: Option `bookmarks' set `true' on input line 4050.
Package hyperref Info: Option `bookmarksopen' set `true' on input line 4050.
Package hyperref Info: Option `implicit' set `false' on input line 4050.
Package hyperref Info: Hyper figures OFF on input line 4167.
Package hyperref Info: Link nesting OFF on input line 4172.
Package hyperref Info: Hyper index ON on input line 4175.
Package hyperref Info: Plain pages OFF on input line 4182.
Package hyperref Info: Backreferencing OFF on input line 4187.
Package hyperref Info: Implicit mode OFF; no redefinition of LaTeX internals.
Package hyperref Info: Bookmarks ON on input line 4434.
\c@Hy@tempcnt=\count302
 (/usr/share/texlive/texmf-dist/tex/latex/url/url.sty
\Urlmuskip=\muskip16
Package: url 2013/09/16  ver 3.4  Verb mode for urls, etc.
)
LaTeX Info: Redefining \url on input line 4772.
\XeTeXLinkMargin=\dimen268
 (/usr/share/texlive/texmf-dist/tex/generic/bitset/bitset.sty
Package: bitset 2019/12/09 v1.3 Handle bit-vector datatype (HO)
 (/usr/share/texlive/texmf-dist/tex/generic/bigintcalc/bigintcalc.sty
Package: bigintcalc 2019/12/15 v1.5 Expandable calculations on big integers (HO)
))
\Fld@menulength=\count303
\Field@Width=\dimen269
\Fld@charsize=\dimen270
Package hyperref Info: Hyper figures OFF on input line 6051.
Package hyperref Info: Link nesting OFF on input line 6056.
Package hyperref Info: Hyper index ON on input line 6059.
Package hyperref Info: backreferencing OFF on input line 6066.
Package hyperref Info: Link coloring OFF on input line 6071.
Package hyperref Info: Link coloring with OCG OFF on input line 6076.
Package hyperref Info: PDF/A mode OFF on input line 6081.
\Hy@abspage=\count304


Package hyperref Message: Stopped early.

)
Package hyperref Info: Driver (autodetected): hpdftex.
 (/usr/share/texlive/texmf-dist/tex/latex/hyperref/hpdftex.def
File: hpdftex.def 2023-05-16 v7.00y Hyperref driver for pdfTeX
 (/usr/share/texlive/texmf-dist/tex/latex/base/atveryend-ltx.sty
Package: atveryend-ltx 2020/08/19 v1.0a Emulation of the original atveryend package
with kernel methods
)
\Fld@listcount=\count305
\c@bookmark@seq@number=\count306
 (/usr/share/texlive/texmf-dist/tex/latex/rerunfilecheck/rerunfilecheck.sty
Package: rerunfilecheck 2022-07-10 v1.10 Rerun checks for auxiliary files (HO)
 (/usr/share/texlive/texmf-dist/tex/generic/uniquecounter/uniquecounter.sty
Package: uniquecounter 2019/12/15 v1.4 Provide unlimited unique counter (HO)
)
Package uniquecounter Info: New unique counter `rerunfilecheck' on input line 285.
)) (/usr/share/texlive/texmf-dist/tex/latex/beamer/beamerbaserequires.sty (/usr/share/texlive/texmf-dist/tex/latex/beamer/beamerbasecompatibility.sty) (/usr/share/texlive/texmf-dist/tex/latex/beamer/beamerbasefont.sty (/usr/share/texlive/texmf-dist/tex/latex/amsfonts/amssymb.sty
Package: amssymb 2013/01/14 v3.01 AMS font symbols
 (/usr/share/texlive/texmf-dist/tex/latex/amsfonts/amsfonts.sty
Package: amsfonts 2013/01/14 v3.01 Basic AMSFonts support
\@emptytoks=\toks29
\symAMSa=\mathgroup4
\symAMSb=\mathgroup5
LaTeX Font Info:    Redeclaring math symbol \hbar on input line 98.
LaTeX Font Info:    Overwriting math alphabet `\mathfrak' in version `bold'
(Font)                  U/euf/m/n --> U/euf/b/n on input line 106.
)) (/usr/share/texlive/texmf-dist/tex/latex/sansmathaccent/sansmathaccent.sty
Package: sansmathaccent 2020/01/31
 (/usr/share/texlive/texmf-dist/tex/latex/koma-script/scrlfile.sty
Package: scrlfile 2023/04/24 v3.40 KOMA-Script package (file load hooks)
 (/usr/share/texlive/texmf-dist/tex/latex/koma-script/scrlfile-hook.sty
Package: scrlfile-hook 2023/04/24 v3.40 KOMA-Script package (using LaTeX hooks)
 (/usr/share/texlive/texmf-dist/tex/latex/koma-script/scrlogo.sty
Package: scrlogo 2023/04/24 v3.40 KOMA-Script package (logo)
))))) (/usr/share/texlive/texmf-dist/tex/latex/beamer/beamerbasetranslator.sty (/usr/share/texlive/texmf-dist/tex/latex/translator/translator.sty
Package: translator 2021-05-31 v1.12d Easy translation of strings in LaTeX
)) (/usr/share/texlive/texmf-dist/tex/latex/beamer/beamerbasemisc.sty) (/usr/share/texlive/texmf-dist/tex/latex/beamer/beamerbasetwoscreens.sty) (/usr/share/texlive/texmf-dist/tex/latex/beamer/beamerbaseoverlay.sty
\beamer@argscount=\count307
\beamer@lastskipcover=\skip51
\beamer@trivlistdepth=\count308
) (/usr/share/texlive/texmf-dist/tex/latex/beamer/beamerbasetitle.sty) (/usr/share/texlive/texmf-dist/tex/latex/beamer/beamerbasesection.sty
\c@lecture=\count309
\c@part=\count310
\c@section=\count311
\c@subsection=\count312
\c@subsubsection=\count313
) (/usr/share/texlive/texmf-dist/tex/latex/beamer/beamerbaseframe.sty
\beamer@framebox=\box66
\beamer@frametitlebox=\box67
\beamer@zoombox=\box68
\beamer@zoomcount=\count314
\beamer@zoomframecount=\count315
\beamer@frametextheight=\dimen271
\c@subsectionslide=\count316
\beamer@frametopskip=\skip52
\beamer@framebottomskip=\skip53
\beamer@frametopskipautobreak=\skip54
\beamer@framebottomskipautobreak=\skip55
\beamer@envbody=\toks30
\framewidth=\dimen272
\c@framenumber=\count317
) (/usr/share/texlive/texmf-dist/tex/latex/beamer/beamerbaseverbatim.sty
\beamer@verbatimfileout=\write4
) (/usr/share/texlive/texmf-dist/tex/latex/beamer/beamerbaseframesize.sty
\beamer@splitbox=\box69
\beamer@autobreakcount=\count318
\beamer@autobreaklastheight=\dimen273
\beamer@frametitletoks=\toks31
\beamer@framesubtitletoks=\toks32
) (/usr/share/texlive/texmf-dist/tex/latex/beamer/beamerbaseframecomponents.sty
\beamer@footins=\box70
) (/usr/share/texlive/texmf-dist/tex/latex/beamer/beamerbasecolor.sty) (/usr/share/texlive/texmf-dist/tex/latex/beamer/beamerbasenotes.sty
\beamer@frameboxcopy=\box71
) (/usr/share/texlive/texmf-dist/tex/latex/beamer/beamerbasetoc.sty) (/usr/share/texlive/texmf-dist/tex/latex/beamer/beamerbasetemplates.sty
\beamer@sbttoks=\toks33
 (/usr/share/texlive/texmf-dist/tex/latex/beamer/beamerbaseauxtemplates.sty (/usr/share/texlive/texmf-dist/tex/latex/beamer/beamerbaseboxes.sty
\bmb@box=\box72
\bmb@colorbox=\box73
\bmb@boxwidth=\dimen274
\bmb@boxheight=\dimen275
\bmb@prevheight=\dimen276
\bmb@temp=\dimen277
\bmb@dima=\dimen278
\bmb@dimb=\dimen279
\bmb@prevheight=\dimen280
)
\beamer@blockheadheight=\dimen281
)) (/usr/share/texlive/texmf-dist/tex/latex/beamer/beamerbaselocalstructure.sty (/usr/share/texlive/texmf-dist/tex/latex/tools/enumerate.sty
Package: enumerate 2015/07/23 v3.00 enumerate extensions (DPC)
\@enLab=\toks34
)
\beamer@bibiconwidth=\skip56
\c@figure=\count319
\c@table=\count320
\abovecaptionskip=\skip57
\belowcaptionskip=\skip58
) (/usr/share/texlive/texmf-dist/tex/latex/beamer/beamerbasenavigation.sty (/usr/share/texlive/texmf-dist/tex/latex/beamer/beamerbasenavigationsymbols.tex)
\beamer@section@min@dim=\dimen282
) (/usr/share/texlive/texmf-dist/tex/latex/beamer/beamerbasetheorems.sty (/usr/share/texlive/texmf-dist/tex/latex/amsmath/amsmath.sty
Package: amsmath 2023/05/13 v2.17o AMS math features
\@mathmargin=\skip59

For additional information on amsmath, use the `?' option.
(/usr/share/texlive/texmf-dist/tex/latex/amsmath/amstext.sty
Package: amstext 2021/08/26 v2.01 AMS text
 (/usr/share/texlive/texmf-dist/tex/latex/amsmath/amsgen.sty
File: amsgen.sty 1999/11/30 v2.0 generic functions
\@emptytoks=\toks35
\ex@=\dimen283
)) (/usr/share/texlive/texmf-dist/tex/latex/amsmath/amsbsy.sty
Package: amsbsy 1999/11/29 v1.2d Bold Symbols
\pmbraise@=\dimen284
) (/usr/share/texlive/texmf-dist/tex/latex/amsmath/amsopn.sty
Package: amsopn 2022/04/08 v2.04 operator names
)
\inf@bad=\count321
LaTeX Info: Redefining \frac on input line 234.
\uproot@=\count322
\leftroot@=\count323
LaTeX Info: Redefining \overline on input line 399.
LaTeX Info: Redefining \colon on input line 410.
\classnum@=\count324
\DOTSCASE@=\count325
LaTeX Info: Redefining \ldots on input line 496.
LaTeX Info: Redefining \dots on input line 499.
LaTeX Info: Redefining \cdots on input line 620.
\Mathstrutbox@=\box74
\strutbox@=\box75
LaTeX Info: Redefining \big on input line 722.
LaTeX Info: Redefining \Big on input line 723.
LaTeX Info: Redefining \bigg on input line 724.
LaTeX Info: Redefining \Bigg on input line 725.
\big@size=\dimen285
LaTeX Font Info:    Redeclaring font encoding OML on input line 743.
LaTeX Font Info:    Redeclaring font encoding OMS on input line 744.
\macc@depth=\count326
LaTeX Info: Redefining \bmod on input line 905.
LaTeX Info: Redefining \pmod on input line 910.
LaTeX Info: Redefining \smash on input line 940.
LaTeX Info: Redefining \relbar on input line 970.
LaTeX Info: Redefining \Relbar on input line 971.
\c@MaxMatrixCols=\count327
\dotsspace@=\muskip17
\c@parentequation=\count328
\dspbrk@lvl=\count329
\tag@help=\toks36
\row@=\count330
\column@=\count331
\maxfields@=\count332
\andhelp@=\toks37
\eqnshift@=\dimen286
\alignsep@=\dimen287
\tagshift@=\dimen288
\tagwidth@=\dimen289
\totwidth@=\dimen290
\lineht@=\dimen291
\@envbody=\toks38
\multlinegap=\skip60
\multlinetaggap=\skip61
\mathdisplay@stack=\toks39
LaTeX Info: Redefining \[ on input line 2953.
LaTeX Info: Redefining \] on input line 2954.
) (/usr/share/texlive/texmf-dist/tex/latex/amscls/amsthm.sty
Package: amsthm 2020/05/29 v2.20.6
\thm@style=\toks40
\thm@bodyfont=\toks41
\thm@headfont=\toks42
\thm@notefont=\toks43
\thm@headpunct=\toks44
\thm@preskip=\skip62
\thm@postskip=\skip63
\thm@headsep=\skip64
\dth@everypar=\toks45
)
\c@theorem=\count333
) (/usr/share/texlive/texmf-dist/tex/latex/beamer/beamerbasethemes.sty)) (/usr/share/texlive/texmf-dist/tex/latex/beamer/beamerthemedefault.sty (/usr/share/texlive/texmf-dist/tex/latex/beamer/beamerfontthemedefault.sty) (/usr/share/texlive/texmf-dist/tex/latex/beamer/beamercolorthemedefault.sty) (/usr/share/texlive/texmf-dist/tex/latex/beamer/beamerinnerthemedefault.sty
\beamer@dima=\dimen292
\beamer@dimb=\dimen293
) (/usr/share/texlive/texmf-dist/tex/latex/beamer/beamerouterthemedefault.sty))) (/usr/share/texlive/texmf-dist/tex/latex/beamer/beamerthemeMadrid.sty (/usr/share/texlive/texmf-dist/tex/latex/beamer/beamercolorthemewhale.sty) (/usr/share/texlive/texmf-dist/tex/latex/beamer/beamercolorthemeorchid.sty) (/usr/share/texlive/texmf-dist/tex/latex/beamer/beamerinnerthemerounded.sty) (/usr/share/texlive/texmf-dist/tex/latex/beamer/beamerouterthemeinfolines.sty)) (/usr/share/texlive/texmf-dist/tex/latex/booktabs/booktabs.sty
Package: booktabs 2020/01/12 v1.61803398 Publication quality tables
\heavyrulewidth=\dimen294
\lightrulewidth=\dimen295
\cmidrulewidth=\dimen296
\belowrulesep=\dimen297
\belowbottomsep=\dimen298
\aboverulesep=\dimen299
\abovetopsep=\dimen300
\cmidrulesep=\dimen301
\cmidrulekern=\dimen302
\defaultaddspace=\dimen303
\@cmidla=\count334
\@cmidlb=\count335
\@aboverulesep=\dimen304
\@belowrulesep=\dimen305
\@thisruleclass=\count336
\@lastruleclass=\count337
\@thisrulewidth=\dimen306
) (/usr/share/texlive/texmf-dist/tex/latex/amsmath/amscd.sty
Package: amscd 2017/04/14 v2.1 AMS Commutative Diagrams
\athelp@=\toks46
\minaw@=\dimen307
\bigaw@=\dimen308
\minCDarrowwidth=\dimen309
) (/usr/share/texlive/texmf-dist/tex/latex/mathtools/mathtools.sty
Package: mathtools 2022/06/29 v1.29 mathematical typesetting tools
 (/usr/share/texlive/texmf-dist/tex/latex/tools/calc.sty
Package: calc 2017/05/25 v4.3 Infix arithmetic (KKT,FJ)
\calc@Acount=\count338
\calc@Bcount=\count339
\calc@Adimen=\dimen310
\calc@Bdimen=\dimen311
\calc@Askip=\skip65
\calc@Bskip=\skip66
LaTeX Info: Redefining \setlength on input line 80.
LaTeX Info: Redefining \addtolength on input line 81.
\calc@Ccount=\count340
\calc@Cskip=\skip67
) (/usr/share/texlive/texmf-dist/tex/latex/mathtools/mhsetup.sty
Package: mhsetup 2021/03/18 v1.4 programming setup (MH)
)
\g_MT_multlinerow_int=\count341
\l_MT_multwidth_dim=\dimen312
\origjot=\skip68
\l_MT_shortvdotswithinadjustabove_dim=\dimen313
\l_MT_shortvdotswithinadjustbelow_dim=\dimen314
\l_MT_above_intertext_sep=\dimen315
\l_MT_below_intertext_sep=\dimen316
\l_MT_above_shortintertext_sep=\dimen317
\l_MT_below_shortintertext_sep=\dimen318
\xmathstrut@box=\box76
\xmathstrut@dim=\dimen319
) (/usr/share/texlive/texmf-dist/tex/latex/base/textcomp.sty
Package: textcomp 2020/02/02 v2.0n Standard LaTeX package
) (/usr/share/texlive/texmf-dist/tex/latex/base/inputenc.sty
Package: inputenc 2021/02/14 v1.3d Input encoding file
\inpenc@prehook=\toks47
\inpenc@posthook=\toks48
 (/usr/share/texlive/texmf-dist/tex/latex/base/latin1.def
File: latin1.def 2021/02/14 v1.3d Input encoding file
)) (/usr/share/texlive/texmf-dist/tex/latex/caption/subcaption.sty
Package: subcaption 2023/02/19 v1.6 Sub-captions (AR)
 (/usr/share/texlive/texmf-dist/tex/latex/caption/caption.sty
Package: caption 2023/03/12 v3.6j Customizing captions (AR)
 (/usr/share/texlive/texmf-dist/tex/latex/caption/caption3.sty
Package: caption3 2023/03/12 v2.4 caption3 kernel (AR)
\caption@tempdima=\dimen320
\captionmargin=\dimen321
\caption@leftmargin=\dimen322
\caption@rightmargin=\dimen323
\caption@width=\dimen324
\caption@indent=\dimen325
\caption@parindent=\dimen326
\caption@hangindent=\dimen327
Package caption Info: beamer document class detected.
 (/usr/share/texlive/texmf-dist/tex/latex/caption/caption-beamer.sto
File: caption-beamer.sto 2022/01/06 v2.0c Adaption of the caption package to the beamer document classes (AR)
))
\c@caption@flags=\count342
\c@continuedfloat=\count343
Package caption Info: hyperref package is loaded.
Package caption Info: Hyperref support is turned off
(caption)             because hyperref has stopped early.
)
Package caption Info: New subtype `subfigure' on input line 239.
\c@subfigure=\count344
Package caption Info: New subtype `subtable' on input line 239.
\c@subtable=\count345
) (/usr/share/texlive/texmf-dist/tex/latex/multirow/multirow.sty
Package: multirow 2021/03/15 v2.8 Span multiple rows of a table
\multirow@colwidth=\skip69
\multirow@cntb=\count346
\multirow@dima=\skip70
\bigstrutjot=\dimen328
) (/usr/share/texlive/texmf-dist/tex/latex/pgf/frontendlayer/tikz.sty (/usr/share/texlive/texmf-dist/tex/latex/pgf/basiclayer/pgf.sty
Package: pgf 2023-01-15 v3.1.10 (3.1.10)
 (/usr/share/texlive/texmf-dist/tex/generic/pgf/modules/pgfmoduleshapes.code.tex
File: pgfmoduleshapes.code.tex 2023-01-15 v3.1.10 (3.1.10)
\pgfnodeparttextbox=\box77
) (/usr/share/texlive/texmf-dist/tex/generic/pgf/modules/pgfmoduleplot.code.tex
File: pgfmoduleplot.code.tex 2023-01-15 v3.1.10 (3.1.10)
) (/usr/share/texlive/texmf-dist/tex/latex/pgf/compatibility/pgfcomp-version-0-65.sty
Package: pgfcomp-version-0-65 2023-01-15 v3.1.10 (3.1.10)
\pgf@nodesepstart=\dimen329
\pgf@nodesepend=\dimen330
) (/usr/share/texlive/texmf-dist/tex/latex/pgf/compatibility/pgfcomp-version-1-18.sty
Package: pgfcomp-version-1-18 2023-01-15 v3.1.10 (3.1.10)
)) (/usr/share/texlive/texmf-dist/tex/latex/pgf/utilities/pgffor.sty (/usr/share/texlive/texmf-dist/tex/generic/pgf/utilities/pgffor.code.tex
Package: pgffor 2023-01-15 v3.1.10 (3.1.10)
\pgffor@iter=\dimen331
\pgffor@skip=\dimen332
\pgffor@stack=\toks49
\pgffor@toks=\toks50
)) (/usr/share/texlive/texmf-dist/tex/generic/pgf/frontendlayer/tikz/tikz.code.tex
Package: tikz 2023-01-15 v3.1.10 (3.1.10)
 (/usr/share/texlive/texmf-dist/tex/generic/pgf/libraries/pgflibraryplothandlers.code.tex
File: pgflibraryplothandlers.code.tex 2023-01-15 v3.1.10 (3.1.10)
\pgf@plot@mark@count=\count347
\pgfplotmarksize=\dimen333
)
\tikz@lastx=\dimen334
\tikz@lasty=\dimen335
\tikz@lastxsaved=\dimen336
\tikz@lastysaved=\dimen337
\tikz@lastmovetox=\dimen338
\tikz@lastmovetoy=\dimen339
\tikzleveldistance=\dimen340
\tikzsiblingdistance=\dimen341
\tikz@figbox=\box78
\tikz@figbox@bg=\box79
\tikz@tempbox=\box80
\tikz@tempbox@bg=\box81
\tikztreelevel=\count348
\tikznumberofchildren=\count349
\tikznumberofcurrentchild=\count350
\tikz@fig@count=\count351
 (/usr/share/texlive/texmf-dist/tex/generic/pgf/modules/pgfmodulematrix.code.tex
File: pgfmodulematrix.code.tex 2023-01-15 v3.1.10 (3.1.10)
\pgfmatrixcurrentrow=\count352
\pgfmatrixcurrentcolumn=\count353
\pgf@matrix@numberofcolumns=\count354
)
\tikz@expandcount=\count355
 (/usr/share/texlive/texmf-dist/tex/generic/pgf/frontendlayer/tikz/libraries/tikzlibrarytopaths.code.tex
File: tikzlibrarytopaths.code.tex 2023-01-15 v3.1.10 (3.1.10)
))) (/usr/share/texlive/texmf-dist/tex/latex/tcolorbox/tcolorbox.sty
Package: tcolorbox 2023/03/17 version 6.0.3 text color boxes
 (/usr/share/texlive/texmf-dist/tex/latex/tools/verbatim.sty
Package: verbatim 2022-07-02 v1.5u LaTeX2e package for verbatim enhancements
\every@verbatim=\toks51
\verbatim@line=\toks52
\verbatim@in@stream=\read3
) (/usr/share/texlive/texmf-dist/tex/latex/environ/environ.sty
Package: environ 2014/05/04 v0.3 A new way to define environments
 (/usr/share/texlive/texmf-dist/tex/latex/trimspaces/trimspaces.sty
Package: trimspaces 2009/09/17 v1.1 Trim spaces around a token list
))
\tcb@titlebox=\box82
\tcb@upperbox=\box83
\tcb@lowerbox=\box84
\tcb@phantombox=\box85
\c@tcbbreakpart=\count356
\c@tcblayer=\count357
\c@tcolorbox@number=\count358
\tcb@temp=\box86
\tcb@temp=\box87
\tcb@temp=\box88
\tcb@temp=\box89
)
\c@remark=\count359
 (/usr/share/texlive/texmf-dist/tex/latex/l3backend/l3backend-pdftex.def
File: l3backend-pdftex.def 2023-04-19 L3 backend support: PDF output (pdfTeX)
\l__color_backend_stack_int=\count360
\l__pdf_internal_box=\box90
) (./copper-2024.aux

LaTeX Warning: Label `eq:mixed-linear-constitutive1' multiply defined.


LaTeX Warning: Label `eq:mixed-linear-constitutive2' multiply defined.

)
\openout1 = `copper-2024.aux'.

LaTeX Font Info:    Checking defaults for OML/cmm/m/it on input line 148.
LaTeX Font Info:    ... okay on input line 148.
LaTeX Font Info:    Checking defaults for OMS/cmsy/m/n on input line 148.
LaTeX Font Info:    ... okay on input line 148.
LaTeX Font Info:    Checking defaults for OT1/cmr/m/n on input line 148.
LaTeX Font Info:    ... okay on input line 148.
LaTeX Font Info:    Checking defaults for T1/cmr/m/n on input line 148.
LaTeX Font Info:    ... okay on input line 148.
LaTeX Font Info:    Checking defaults for TS1/cmr/m/n on input line 148.
LaTeX Font Info:    ... okay on input line 148.
LaTeX Font Info:    Checking defaults for OMX/cmex/m/n on input line 148.
LaTeX Font Info:    ... okay on input line 148.
LaTeX Font Info:    Checking defaults for U/cmr/m/n on input line 148.
LaTeX Font Info:    ... okay on input line 148.
LaTeX Font Info:    Checking defaults for PD1/pdf/m/n on input line 148.
LaTeX Font Info:    ... okay on input line 148.
LaTeX Font Info:    Checking defaults for PU/pdf/m/n on input line 148.
LaTeX Font Info:    ... okay on input line 148.

*geometry* driver: auto-detecting
*geometry* detected driver: pdftex
*geometry* verbose mode - [ preamble ] result:
* driver: pdftex
* paper: custom
* layout: <same size as paper>
* layoutoffset:(h,v)=(0.0pt,0.0pt)
* modes: includehead includefoot 
* h-part:(L,W,R)=(10.95003pt, 342.2953pt, 10.95003pt)
* v-part:(T,H,B)=(0.0pt, 273.14662pt, 0.0pt)
* \paperwidth=364.19536pt
* \paperheight=273.14662pt
* \textwidth=342.2953pt
* \textheight=244.6939pt
* \oddsidemargin=-61.31996pt
* \evensidemargin=-61.31996pt
* \topmargin=-72.26999pt
* \headheight=14.22636pt
* \headsep=0.0pt
* \topskip=11.0pt
* \footskip=14.22636pt
* \marginparwidth=4.0pt
* \marginparsep=10.0pt
* \columnsep=10.0pt
* \skip\footins=10.0pt plus 4.0pt minus 2.0pt
* \hoffset=0.0pt
* \voffset=0.0pt
* \mag=1000
* \@twocolumnfalse
* \@twosidefalse
* \@mparswitchfalse
* \@reversemarginfalse
* (1in=72.27pt=25.4mm, 1cm=28.453pt)

(/usr/share/texlive/texmf-dist/tex/context/base/mkii/supp-pdf.mkii
[Loading MPS to PDF converter (version 2006.09.02).]
\scratchcounter=\count361
\scratchdimen=\dimen342
\scratchbox=\box91
\nofMPsegments=\count362
\nofMParguments=\count363
\everyMPshowfont=\toks53
\MPscratchCnt=\count364
\MPscratchDim=\dimen343
\MPnumerator=\count365
\makeMPintoPDFobject=\count366
\everyMPtoPDFconversion=\toks54
) (/usr/share/texlive/texmf-dist/tex/latex/epstopdf-pkg/epstopdf-base.sty
Package: epstopdf-base 2020-01-24 v2.11 Base part for package epstopdf
Package epstopdf-base Info: Redefining graphics rule for `.eps' on input line 485.
 (/usr/share/texlive/texmf-dist/tex/latex/latexconfig/epstopdf-sys.cfg
File: epstopdf-sys.cfg 2010/07/13 v1.3 Configuration of (r)epstopdf for TeX Live
))
Package hyperref Info: Link coloring OFF on input line 148.
 (./copper-2024.out) (./copper-2024.out)
\@outlinefile=\write5
\openout5 = `copper-2024.out'.

LaTeX Font Info:    Overwriting symbol font `operators' in version `normal'
(Font)                  OT1/cmr/m/n --> OT1/cmss/m/n on input line 148.
LaTeX Font Info:    Overwriting symbol font `operators' in version `bold'
(Font)                  OT1/cmr/bx/n --> OT1/cmss/b/n on input line 148.
\symnumbers=\mathgroup6
\sympureletters=\mathgroup7
LaTeX Font Info:    Overwriting math alphabet `\mathrm' in version `normal'
(Font)                  OT1/cmss/m/n --> OT1/cmr/m/n on input line 148.
LaTeX Font Info:    Redeclaring math alphabet \mathbf on input line 148.
LaTeX Font Info:    Overwriting math alphabet `\mathbf' in version `normal'
(Font)                  OT1/cmr/bx/n --> OT1/cmss/b/n on input line 148.
LaTeX Font Info:    Overwriting math alphabet `\mathbf' in version `bold'
(Font)                  OT1/cmr/bx/n --> OT1/cmss/b/n on input line 148.
LaTeX Font Info:    Redeclaring math alphabet \mathsf on input line 148.
LaTeX Font Info:    Overwriting math alphabet `\mathsf' in version `normal'
(Font)                  OT1/cmss/m/n --> OT1/cmss/m/n on input line 148.
LaTeX Font Info:    Overwriting math alphabet `\mathsf' in version `bold'
(Font)                  OT1/cmss/bx/n --> OT1/cmss/m/n on input line 148.
LaTeX Font Info:    Redeclaring math alphabet \mathit on input line 148.
LaTeX Font Info:    Overwriting math alphabet `\mathit' in version `normal'
(Font)                  OT1/cmr/m/it --> OT1/cmss/m/it on input line 148.
LaTeX Font Info:    Overwriting math alphabet `\mathit' in version `bold'
(Font)                  OT1/cmr/bx/it --> OT1/cmss/m/it on input line 148.
LaTeX Font Info:    Redeclaring math alphabet \mathtt on input line 148.
LaTeX Font Info:    Overwriting math alphabet `\mathtt' in version `normal'
(Font)                  OT1/cmtt/m/n --> OT1/cmtt/m/n on input line 148.
LaTeX Font Info:    Overwriting math alphabet `\mathtt' in version `bold'
(Font)                  OT1/cmtt/m/n --> OT1/cmtt/m/n on input line 148.
LaTeX Font Info:    Overwriting symbol font `numbers' in version `bold'
(Font)                  OT1/cmss/m/n --> OT1/cmss/b/n on input line 148.
LaTeX Font Info:    Overwriting symbol font `pureletters' in version `bold'
(Font)                  OT1/cmss/m/it --> OT1/cmss/b/it on input line 148.
LaTeX Font Info:    Overwriting math alphabet `\mathrm' in version `bold'
(Font)                  OT1/cmss/b/n --> OT1/cmr/b/n on input line 148.
LaTeX Font Info:    Overwriting math alphabet `\mathbf' in version `bold'
(Font)                  OT1/cmss/b/n --> OT1/cmss/b/n on input line 148.
LaTeX Font Info:    Overwriting math alphabet `\mathsf' in version `bold'
(Font)                  OT1/cmss/m/n --> OT1/cmss/b/n on input line 148.
LaTeX Font Info:    Overwriting math alphabet `\mathit' in version `bold'
(Font)                  OT1/cmss/m/it --> OT1/cmss/b/it on input line 148.
LaTeX Font Info:    Overwriting math alphabet `\mathtt' in version `bold'
(Font)                  OT1/cmtt/m/n --> OT1/cmtt/b/n on input line 148.
LaTeX Font Info:    Redeclaring symbol font `pureletters' on input line 148.
LaTeX Font Info:    Overwriting symbol font `pureletters' in version `normal'
(Font)                  OT1/cmss/m/it --> OT1/mathkerncmss/m/sl on input line 148.
LaTeX Font Info:    Overwriting symbol font `pureletters' in version `bold'
(Font)                  OT1/cmss/b/it --> OT1/mathkerncmss/m/sl on input line 148.
LaTeX Font Info:    Overwriting symbol font `pureletters' in version `bold'
(Font)                  OT1/mathkerncmss/m/sl --> OT1/mathkerncmss/bx/sl on input line 148.
 (/usr/share/texlive/texmf-dist/tex/latex/translator/translator-basic-dictionary-English.dict
Dictionary: translator-basic-dictionary, Language: English 
) (/usr/share/texlive/texmf-dist/tex/latex/translator/translator-bibliography-dictionary-English.dict
Dictionary: translator-bibliography-dictionary, Language: English 
) (/usr/share/texlive/texmf-dist/tex/latex/translator/translator-environment-dictionary-English.dict
Dictionary: translator-environment-dictionary, Language: English 
) (/usr/share/texlive/texmf-dist/tex/latex/translator/translator-months-dictionary-English.dict
Dictionary: translator-months-dictionary, Language: English 
) (/usr/share/texlive/texmf-dist/tex/latex/translator/translator-numbers-dictionary-English.dict
Dictionary: translator-numbers-dictionary, Language: English 
) (/usr/share/texlive/texmf-dist/tex/latex/translator/translator-theorem-dictionary-English.dict
Dictionary: translator-theorem-dictionary, Language: English 
)
Package caption Info: Begin \AtBeginDocument code.
Package caption Info: End \AtBeginDocument code.
 (./copper-2024.nav) [1

{/var/lib/texmf/fonts/map/pdftex/updmap/pdftex.map}]
LaTeX Font Info:    Trying to load font information for U+msa on input line 178.
 (/usr/share/texlive/texmf-dist/tex/latex/amsfonts/umsa.fd
File: umsa.fd 2013/01/14 v3.01 AMS symbols A
)
LaTeX Font Info:    Trying to load font information for U+msb on input line 178.
 (/usr/share/texlive/texmf-dist/tex/latex/amsfonts/umsb.fd
File: umsb.fd 2013/01/14 v3.01 AMS symbols B
)
LaTeX Font Info:    Trying to load font information for OT1+mathkerncmss on input line 178.
 (/usr/share/texlive/texmf-dist/tex/latex/sansmathaccent/ot1mathkerncmss.fd
File: ot1mathkerncmss.fd 2020/01/31 Fontinst v1.933 font definitions for OT1/mathkerncmss.
)
<../figs/motivation.png, id=37, 1142.01656pt x 1093.08376pt>
File: ../figs/motivation.png Graphic file (type png)
<use ../figs/motivation.png>
Package pdftex.def Info: ../figs/motivation.png  used on input line 178.
(pdftex.def)             Requested size: 154.03183pt x 147.4265pt.
 [2

 <../figs/motivation.png>]
File: ../figs/motivation.png Graphic file (type png)
<use ../figs/motivation.png>
Package pdftex.def Info: ../figs/motivation.png  used on input line 178.
(pdftex.def)             Requested size: 154.03183pt x 147.4265pt.
 [3

]
LaTeX Font Info:    Font shape `OT1/cmss/b/n' in size <10.95> not available
(Font)              Font shape `OT1/cmss/bx/n' tried instead on input line 209.
LaTeX Font Info:    Font shape `OT1/cmss/b/n' in size <8> not available
(Font)              Font shape `OT1/cmss/bx/n' tried instead on input line 209.
LaTeX Font Info:    Font shape `OT1/cmss/b/n' in size <6> not available
(Font)              Font shape `OT1/cmss/bx/n' tried instead on input line 209.
 [4

{/usr/share/texmf/fonts/enc/dvips/cm-super/cm-super-t1.enc}] [5

] [6

] [7

]
Overfull \vbox (18.13953pt too high) detected at line 234
 []

[8

]
Overfull \vbox (18.13953pt too high) detected at line 234
 []

[9

]
Overfull \vbox (18.13953pt too high) detected at line 234
 []

[10

] [11

]
Overfull \hbox (2.85893pt too wide) detected at line 293
[]
 []


Overfull \vbox (5.2092pt too high) detected at line 293
 []

[12

]
Overfull \hbox (2.85893pt too wide) detected at line 293
[]
 []


Overfull \vbox (5.2092pt too high) detected at line 293
 []

[13

]
pdfTeX warning (ext4): destination with the same identifier (name{eq:mixed-linear-constitutive1}) has been already used, duplicate ignored
<to be read again> 
                   \relax 
l.333 \end{frame}
                 
pdfTeX warning (ext4): destination with the same identifier (name{eq:mixed-linear-constitutive2}) has been already used, duplicate ignored
<to be read again> 
                   \relax 
l.333 \end{frame}
                 
Overfull \hbox (2.85893pt too wide) detected at line 333
[]
 []

[14

]
Overfull \vbox (12.61957pt too high) detected at line 362
 []

[15

] [16

] [17

] [18

] [19

] [20

]
<../figs/p-multigrid-cycle.png, id=184, 596.2275pt x 453.94594pt>
File: ../figs/p-multigrid-cycle.png Graphic file (type png)
<use ../figs/p-multigrid-cycle.png>
Package pdftex.def Info: ../figs/p-multigrid-cycle.png  used on input line 512.
(pdftex.def)             Requested size: 239.60567pt x 182.42712pt.

Overfull \vbox (15.89095pt too high) detected at line 512
 []

[21

 <../figs/p-multigrid-cycle.png>]
<../figs/ratel.png, id=191, 3161.8125pt x 1213.53375pt>
File: ../figs/ratel.png Graphic file (type png)
<use ../figs/ratel.png>
Package pdftex.def Info: ../figs/ratel.png  used on input line 527.
(pdftex.def)             Requested size: 342.2953pt x 131.35966pt.
 [22

 <../figs/ratel.png>]
<../figs/libCEEDAPI.pdf, id=198, 1261.71375pt x 582.175pt>
File: ../figs/libCEEDAPI.pdf Graphic file (type pdf)
<use ../figs/libCEEDAPI.pdf>
Package pdftex.def Info: ../figs/libCEEDAPI.pdf  used on input line 541.
(pdftex.def)             Requested size: 342.2953pt x 157.93555pt.
 [23

 <../figs/libCEEDAPI.pdf>]
LaTeX Font Info:    Font shape `OT1/cmss/b/n' in size <20.74> not available
(Font)              Font shape `OT1/cmss/bx/n' tried instead on input line 566.
LaTeX Font Info:    Font shape `OT1/cmss/b/n' in size <14.4> not available
(Font)              Font shape `OT1/cmss/bx/n' tried instead on input line 566.
LaTeX Font Info:    Font shape `OT1/cmss/b/n' in size <12> not available
(Font)              Font shape `OT1/cmss/bx/n' tried instead on input line 566.
 [24

]
<../figs/blockpc-mixed-linear-mms.png, id=266, 596.98032pt x 419.31656pt>
File: ../figs/blockpc-mixed-linear-mms.png Graphic file (type png)
<use ../figs/blockpc-mixed-linear-mms.png>
Package pdftex.def Info: ../figs/blockpc-mixed-linear-mms.png  used on input line 575.
(pdftex.def)             Requested size: 325.17949pt x 228.40462pt.

Overfull \vbox (7.0674pt too high) detected at line 575
 []

[25

 <../figs/blockpc-mixed-linear-mms.png>]
<../figs/blockpc-mixed-linear-bending.png, id=274, 596.2275pt x 383.18156pt>
File: ../figs/blockpc-mixed-linear-bending.png Graphic file (type png)
<use ../figs/blockpc-mixed-linear-bending.png>
Package pdftex.def Info: ../figs/blockpc-mixed-linear-bending.png  used on input line 583.
(pdftex.def)             Requested size: 342.2953pt x 219.98271pt.
 [26

 <../figs/blockpc-mixed-linear-bending.png>] [27

]
<../figs/mixed-element.png, id=290, 705.38531pt x 544.28343pt>
File: ../figs/mixed-element.png Graphic file (type png)
<use ../figs/mixed-element.png>
Package pdftex.def Info: ../figs/mixed-element.png  used on input line 636.
(pdftex.def)             Requested size: 154.03183pt x 118.85408pt.
 [28

 <../figs/mixed-element.png>]
<../figs/Punch.png, id=297, 590.205pt x 598.235pt>
File: ../figs/Punch.png Graphic file (type png)
<use ../figs/Punch.png>
Package pdftex.def Info: ../figs/Punch.png  used on input line 656.
(pdftex.def)             Requested size: 136.91862pt x 138.77783pt.
<../figs/Q2P0-160MPa-dm2.png, id=298, 1599.9775pt x 1333.98375pt>
File: ../figs/Q2P0-160MPa-dm2.png Graphic file (type png)
<use ../figs/Q2P0-160MPa-dm2.png>
Package pdftex.def Info: ../figs/Q2P0-160MPa-dm2.png  used on input line 656.
(pdftex.def)             Requested size: 136.91862pt x 114.15042pt.
 [29

 <../figs/Punch.png> <../figs/Q2P0-160MPa-dm2.png>]
<../figs/u-punch2-iso-0.3.pdf, id=308, 715.47299pt x 498.663pt>
File: ../figs/u-punch2-iso-0.3.pdf Graphic file (type pdf)
<use ../figs/u-punch2-iso-0.3.pdf>
Package pdftex.def Info: ../figs/u-punch2-iso-0.3.pdf  used on input line 684.
(pdftex.def)             Requested size: 136.91862pt x 95.42415pt.
<../figs/u-punch2-iso-0.499.pdf, id=309, 715.47299pt x 498.663pt>
File: ../figs/u-punch2-iso-0.499.pdf Graphic file (type pdf)
<use ../figs/u-punch2-iso-0.499.pdf>
Package pdftex.def Info: ../figs/u-punch2-iso-0.499.pdf  used on input line 684.
(pdftex.def)             Requested size: 136.91862pt x 95.42415pt.
<../figs/u-punch2-mixed-0.3.pdf, id=310, 715.47299pt x 499.5572pt>
File: ../figs/u-punch2-mixed-0.3.pdf Graphic file (type pdf)
<use ../figs/u-punch2-mixed-0.3.pdf>
Package pdftex.def Info: ../figs/u-punch2-mixed-0.3.pdf  used on input line 684.
(pdftex.def)             Requested size: 136.91862pt x 95.59526pt.
<../figs/u-punch2-mixed-0.49999.pdf, id=311, 715.47299pt x 499.5572pt>
File: ../figs/u-punch2-mixed-0.49999.pdf Graphic file (type pdf)
<use ../figs/u-punch2-mixed-0.49999.pdf>
Package pdftex.def Info: ../figs/u-punch2-mixed-0.49999.pdf  used on input line 684.
(pdftex.def)             Requested size: 136.91862pt x 95.59526pt.

Overfull \vbox (18.68219pt too high) detected at line 684
 []

[30

 <../figs/u-punch2-iso-0.3.pdf> <../figs/u-punch2-iso-0.499.pdf> <../figs/u-punch2-mixed-0.3.pdf> <../figs/u-punch2-mixed-0.49999.pdf>]
<../figs/p-punch2-iso-0.3.pdf, id=401, 715.47299pt x 498.663pt>
File: ../figs/p-punch2-iso-0.3.pdf Graphic file (type pdf)
<use ../figs/p-punch2-iso-0.3.pdf>
Package pdftex.def Info: ../figs/p-punch2-iso-0.3.pdf  used on input line 713.
(pdftex.def)             Requested size: 136.91862pt x 95.42415pt.
<../figs/p-punch2-iso-0.499.pdf, id=402, 715.47299pt x 498.05234pt>
File: ../figs/p-punch2-iso-0.499.pdf Graphic file (type pdf)
<use ../figs/p-punch2-iso-0.499.pdf>
Package pdftex.def Info: ../figs/p-punch2-iso-0.499.pdf  used on input line 713.
(pdftex.def)             Requested size: 136.91862pt x 95.3073pt.
<../figs/p-punch2-mixed-0.3.pdf, id=403, 715.47299pt x 499.5572pt>
File: ../figs/p-punch2-mixed-0.3.pdf Graphic file (type pdf)
<use ../figs/p-punch2-mixed-0.3.pdf>
Package pdftex.def Info: ../figs/p-punch2-mixed-0.3.pdf  used on input line 713.
(pdftex.def)             Requested size: 136.91862pt x 95.59526pt.
<../figs/p-punch2-mixed-0.49999.pdf, id=404, 715.47299pt x 499.5572pt>
File: ../figs/p-punch2-mixed-0.49999.pdf Graphic file (type pdf)
<use ../figs/p-punch2-mixed-0.49999.pdf>
Package pdftex.def Info: ../figs/p-punch2-mixed-0.49999.pdf  used on input line 713.
(pdftex.def)             Requested size: 136.91862pt x 95.59526pt.

Overfull \vbox (18.68219pt too high) detected at line 713
 []

[31

 <../figs/p-punch2-iso-0.3.pdf> <../figs/p-punch2-iso-0.499.pdf> <../figs/p-punch2-mixed-0.3.pdf> <../figs/p-punch2-mixed-0.49999.pdf>]
<../figs/KSPiter-punch2-iso-0.3.pdf, id=487, 715.47299pt x 498.663pt>
File: ../figs/KSPiter-punch2-iso-0.3.pdf Graphic file (type pdf)
<use ../figs/KSPiter-punch2-iso-0.3.pdf>
Package pdftex.def Info: ../figs/KSPiter-punch2-iso-0.3.pdf  used on input line 742.
(pdftex.def)             Requested size: 136.91862pt x 95.42415pt.
<../figs/KSPiter-punch2-iso-0.499.pdf, id=488, 715.47299pt x 498.663pt>
File: ../figs/KSPiter-punch2-iso-0.499.pdf Graphic file (type pdf)
<use ../figs/KSPiter-punch2-iso-0.499.pdf>
Package pdftex.def Info: ../figs/KSPiter-punch2-iso-0.499.pdf  used on input line 742.
(pdftex.def)             Requested size: 136.91862pt x 95.42415pt.
<../figs/KSPiter-punch2-mixed-0.3.pdf, id=489, 715.47299pt x 499.5572pt>
File: ../figs/KSPiter-punch2-mixed-0.3.pdf Graphic file (type pdf)
<use ../figs/KSPiter-punch2-mixed-0.3.pdf>
Package pdftex.def Info: ../figs/KSPiter-punch2-mixed-0.3.pdf  used on input line 742.
(pdftex.def)             Requested size: 136.91862pt x 95.59526pt.
<../figs/KSPiter-punch2-mixed-0.49999.pdf, id=490, 715.47299pt x 499.5572pt>
File: ../figs/KSPiter-punch2-mixed-0.49999.pdf Graphic file (type pdf)
<use ../figs/KSPiter-punch2-mixed-0.49999.pdf>
Package pdftex.def Info: ../figs/KSPiter-punch2-mixed-0.49999.pdf  used on input line 742.
(pdftex.def)             Requested size: 136.91862pt x 95.59526pt.

Overfull \vbox (18.68219pt too high) detected at line 742
 []

[32

 <../figs/KSPiter-punch2-iso-0.3.pdf> <../figs/KSPiter-punch2-iso-0.499.pdf> <../figs/KSPiter-punch2-mixed-0.3.pdf> <../figs/KSPiter-punch2-mixed-0.49999.pdf>]
<../figs/u-Q3-320MPa-0.3.png, id=567, 1667.22874pt x 1136.245pt>
File: ../figs/u-Q3-320MPa-0.3.png Graphic file (type png)
<use ../figs/u-Q3-320MPa-0.3.png>
Package pdftex.def Info: ../figs/u-Q3-320MPa-0.3.png  used on input line 771.
(pdftex.def)             Requested size: 116.37914pt x 79.30254pt.
<../figs/p-Q3-320MPa-0.3.png, id=568, 1667.22874pt x 1136.245pt>
File: ../figs/p-Q3-320MPa-0.3.png Graphic file (type png)
<use ../figs/p-Q3-320MPa-0.3.png>
Package pdftex.def Info: ../figs/p-Q3-320MPa-0.3.png  used on input line 771.
(pdftex.def)             Requested size: 116.37914pt x 79.30254pt.
<../figs/u-Q3Q2-320MPa-0.3.png, id=569, 1667.22874pt x 1136.245pt>
File: ../figs/u-Q3Q2-320MPa-0.3.png Graphic file (type png)
<use ../figs/u-Q3Q2-320MPa-0.3.png>
Package pdftex.def Info: ../figs/u-Q3Q2-320MPa-0.3.png  used on input line 771.
(pdftex.def)             Requested size: 116.37914pt x 79.30254pt.
<../figs/p-Q3Q2-320MPa-0.3.png, id=570, 1667.22874pt x 1136.245pt>
File: ../figs/p-Q3Q2-320MPa-0.3.png Graphic file (type png)
<use ../figs/p-Q3Q2-320MPa-0.3.png>
Package pdftex.def Info: ../figs/p-Q3Q2-320MPa-0.3.png  used on input line 771.
(pdftex.def)             Requested size: 116.37914pt x 79.30254pt.

Overfull \vbox (12.26785pt too high) detected at line 771
 []

[33

 <../figs/u-Q3-320MPa-0.3.png> <../figs/p-Q3-320MPa-0.3.png> <../figs/u-Q3Q2-320MPa-0.3.png> <../figs/p-Q3Q2-320MPa-0.3.png>]
<../figs/u-Q3-320MPa-0.495.png, id=581, 1667.22874pt x 1136.245pt>
File: ../figs/u-Q3-320MPa-0.495.png Graphic file (type png)
<use ../figs/u-Q3-320MPa-0.495.png>
Package pdftex.def Info: ../figs/u-Q3-320MPa-0.495.png  used on input line 801.
(pdftex.def)             Requested size: 116.37914pt x 79.30254pt.
<../figs/p-Q3-320MPa-0.495.png, id=582, 1667.22874pt x 1136.245pt>
File: ../figs/p-Q3-320MPa-0.495.png Graphic file (type png)
<use ../figs/p-Q3-320MPa-0.495.png>
Package pdftex.def Info: ../figs/p-Q3-320MPa-0.495.png  used on input line 801.
(pdftex.def)             Requested size: 116.37914pt x 79.30254pt.
<../figs/u-Q3Q2-320MPa-0.495.png, id=583, 1667.22874pt x 1136.245pt>
File: ../figs/u-Q3Q2-320MPa-0.495.png Graphic file (type png)
<use ../figs/u-Q3Q2-320MPa-0.495.png>
Package pdftex.def Info: ../figs/u-Q3Q2-320MPa-0.495.png  used on input line 801.
(pdftex.def)             Requested size: 116.37914pt x 79.30254pt.
<../figs/p-Q3Q2-320MPa-0.495.png, id=584, 1667.22874pt x 1136.245pt>
File: ../figs/p-Q3Q2-320MPa-0.495.png Graphic file (type png)
<use ../figs/p-Q3Q2-320MPa-0.495.png>
Package pdftex.def Info: ../figs/p-Q3Q2-320MPa-0.495.png  used on input line 801.
(pdftex.def)             Requested size: 116.37914pt x 79.30254pt.

Overfull \vbox (12.26785pt too high) detected at line 801
 []

[34

 <../figs/u-Q3-320MPa-0.495.png> <../figs/p-Q3-320MPa-0.495.png> <../figs/u-Q3Q2-320MPa-0.495.png> <../figs/p-Q3Q2-320MPa-0.495.png>]
LaTeX Font Info:    Font shape `OT1/cmss/b/n' in size <10> not available
(Font)              Font shape `OT1/cmss/bx/n' tried instead on input line 837.
LaTeX Font Info:    Font shape `OT1/cmss/b/n' in size <7> not available
(Font)              Font shape `OT1/cmss/bx/n' tried instead on input line 837.
 [35

] [36

] [37

]
<../figs/efficiency-chol-chol.pdf, id=611, 715.47299pt x 498.663pt>
File: ../figs/efficiency-chol-chol.pdf Graphic file (type pdf)
<use ../figs/efficiency-chol-chol.pdf>
Package pdftex.def Info: ../figs/efficiency-chol-chol.pdf  used on input line 847.
(pdftex.def)             Requested size: 273.83728pt x 190.85591pt.

Overfull \vbox (4.86784pt too high) detected at line 847
 []

[38

 <../figs/efficiency-chol-chol.pdf>]
File: ../figs/efficiency-chol-chol.pdf Graphic file (type pdf)
<use ../figs/efficiency-chol-chol.pdf>
Package pdftex.def Info: ../figs/efficiency-chol-chol.pdf  used on input line 874.
(pdftex.def)             Requested size: 136.91862pt x 95.42415pt.
<../figs/efficiency-amg-amg.pdf, id=624, 715.47299pt x 498.663pt>
File: ../figs/efficiency-amg-amg.pdf Graphic file (type pdf)
<use ../figs/efficiency-amg-amg.pdf>
Package pdftex.def Info: ../figs/efficiency-amg-amg.pdf  used on input line 874.
(pdftex.def)             Requested size: 136.91862pt x 95.42415pt.
<../figs/efficiency-amg-jac.pdf, id=625, 715.47299pt x 498.663pt>
File: ../figs/efficiency-amg-jac.pdf Graphic file (type pdf)
<use ../figs/efficiency-amg-jac.pdf>
Package pdftex.def Info: ../figs/efficiency-amg-jac.pdf  used on input line 874.
(pdftex.def)             Requested size: 136.91862pt x 95.42415pt.
<../figs/efficiency-pmg-jac.pdf, id=626, 715.47299pt x 498.663pt>
File: ../figs/efficiency-pmg-jac.pdf Graphic file (type pdf)
<use ../figs/efficiency-pmg-jac.pdf>
Package pdftex.def Info: ../figs/efficiency-pmg-jac.pdf  used on input line 874.
(pdftex.def)             Requested size: 136.91862pt x 95.42415pt.

Overfull \vbox (18.51108pt too high) detected at line 874
 []

[39

 <../figs/efficiency-amg-amg.pdf> <../figs/efficiency-amg-jac.pdf> <../figs/efficiency-pmg-jac.pdf>]
<../figs/von-mises-schwarz1.png, id=653, 1512.65125pt x 1228.59pt>
File: ../figs/von-mises-schwarz1.png Graphic file (type png)
<use ../figs/von-mises-schwarz1.png>
Package pdftex.def Info: ../figs/von-mises-schwarz1.png  used on input line 893.
(pdftex.def)             Requested size: 136.91862pt x 111.20572pt.
<../figs/von-mises-schwarz2.png, id=654, 1512.65125pt x 1228.59pt>
File: ../figs/von-mises-schwarz2.png Graphic file (type png)
<use ../figs/von-mises-schwarz2.png>
Package pdftex.def Info: ../figs/von-mises-schwarz2.png  used on input line 893.
(pdftex.def)             Requested size: 136.91862pt x 111.20572pt.
 [40

 <../figs/von-mises-schwarz1.png> <../figs/von-mises-schwarz2.png>]
<../figs/u-schwarz1-mixed-0.3.pdf, id=662, 715.47299pt x 499.5572pt>
File: ../figs/u-schwarz1-mixed-0.3.pdf Graphic file (type pdf)
<use ../figs/u-schwarz1-mixed-0.3.pdf>
Package pdftex.def Info: ../figs/u-schwarz1-mixed-0.3.pdf  used on input line 912.
(pdftex.def)             Requested size: 136.91862pt x 95.59526pt.
<../figs/u-schwarz1-mixed-0.498.pdf, id=663, 715.47299pt x 499.5572pt>
File: ../figs/u-schwarz1-mixed-0.498.pdf Graphic file (type pdf)
<use ../figs/u-schwarz1-mixed-0.498.pdf>
Package pdftex.def Info: ../figs/u-schwarz1-mixed-0.498.pdf  used on input line 912.
(pdftex.def)             Requested size: 136.91862pt x 95.59526pt.
 [41

 <../figs/u-schwarz1-mixed-0.3.pdf> <../figs/u-schwarz1-mixed-0.498.pdf>]
<../figs/KSPiter-schwarz1-mixed-0.3.pdf, id=719, 715.47299pt x 499.5572pt>
File: ../figs/KSPiter-schwarz1-mixed-0.3.pdf Graphic file (type pdf)
<use ../figs/KSPiter-schwarz1-mixed-0.3.pdf>
Package pdftex.def Info: ../figs/KSPiter-schwarz1-mixed-0.3.pdf  used on input line 931.
(pdftex.def)             Requested size: 136.91862pt x 95.59526pt.
<../figs/KSPiter-schwarz1-mixed-0.498.pdf, id=720, 715.47299pt x 499.5572pt>
File: ../figs/KSPiter-schwarz1-mixed-0.498.pdf Graphic file (type pdf)
<use ../figs/KSPiter-schwarz1-mixed-0.498.pdf>
Package pdftex.def Info: ../figs/KSPiter-schwarz1-mixed-0.498.pdf  used on input line 931.
(pdftex.def)             Requested size: 136.91862pt x 95.59526pt.
 [42

 <../figs/KSPiter-schwarz1-mixed-0.3.pdf> <../figs/KSPiter-schwarz1-mixed-0.498.pdf>]
<../figs/u-schwarz2-mixed-0.3.pdf, id=777, 715.47299pt x 499.5572pt>
File: ../figs/u-schwarz2-mixed-0.3.pdf Graphic file (type pdf)
<use ../figs/u-schwarz2-mixed-0.3.pdf>
Package pdftex.def Info: ../figs/u-schwarz2-mixed-0.3.pdf  used on input line 950.
(pdftex.def)             Requested size: 136.91862pt x 95.59526pt.
<../figs/u-schwarz2-mixed-0.498.pdf, id=778, 715.47299pt x 499.5572pt>
File: ../figs/u-schwarz2-mixed-0.498.pdf Graphic file (type pdf)
<use ../figs/u-schwarz2-mixed-0.498.pdf>
Package pdftex.def Info: ../figs/u-schwarz2-mixed-0.498.pdf  used on input line 950.
(pdftex.def)             Requested size: 136.91862pt x 95.59526pt.
 [43

 <../figs/u-schwarz2-mixed-0.3.pdf> <../figs/u-schwarz2-mixed-0.498.pdf>]
<../figs/KSPiter-schwarz2-mixed-0.3.pdf, id=835, 715.47299pt x 499.5572pt>
File: ../figs/KSPiter-schwarz2-mixed-0.3.pdf Graphic file (type pdf)
<use ../figs/KSPiter-schwarz2-mixed-0.3.pdf>
Package pdftex.def Info: ../figs/KSPiter-schwarz2-mixed-0.3.pdf  used on input line 969.
(pdftex.def)             Requested size: 136.91862pt x 95.59526pt.
<../figs/KSPiter-schwarz2-mixed-0.498.pdf, id=836, 715.47299pt x 499.5572pt>
File: ../figs/KSPiter-schwarz2-mixed-0.498.pdf Graphic file (type pdf)
<use ../figs/KSPiter-schwarz2-mixed-0.498.pdf>
Package pdftex.def Info: ../figs/KSPiter-schwarz2-mixed-0.498.pdf  used on input line 969.
(pdftex.def)             Requested size: 136.91862pt x 95.59526pt.
 [44

 <../figs/KSPiter-schwarz2-mixed-0.3.pdf> <../figs/KSPiter-schwarz2-mixed-0.498.pdf>]
<../figs/summary.png, id=892, 292.2117pt x 334.24875pt>
File: ../figs/summary.png Graphic file (type png)
<use ../figs/summary.png>
Package pdftex.def Info: ../figs/summary.png  used on input line 994.
(pdftex.def)             Requested size: 292.21098pt x 334.24792pt.
LaTeX Font Info:    Font shape `OT1/cmss/b/n' in size <5> not available
(Font)              Font shape `OT1/cmss/bx/n' tried instead on input line 994.

Overfull \vbox (14.7438pt too high) detected at line 994
 []

[45

 <../figs/summary.png>]
File: ../figs/summary.png Graphic file (type png)
<use ../figs/summary.png>
Package pdftex.def Info: ../figs/summary.png  used on input line 994.
(pdftex.def)             Requested size: 292.21098pt x 334.24792pt.

Overfull \vbox (14.7438pt too high) detected at line 994
 []

[46

]
File: ../figs/summary.png Graphic file (type png)
<use ../figs/summary.png>
Package pdftex.def Info: ../figs/summary.png  used on input line 994.
(pdftex.def)             Requested size: 292.21098pt x 334.24792pt.

Overfull \vbox (14.7438pt too high) detected at line 994
 []

[47

]
File: ../figs/summary.png Graphic file (type png)
<use ../figs/summary.png>
Package pdftex.def Info: ../figs/summary.png  used on input line 994.
(pdftex.def)             Requested size: 292.21098pt x 334.24792pt.

Overfull \vbox (14.7438pt too high) detected at line 994
 []

[48

]
File: ../figs/summary.png Graphic file (type png)
<use ../figs/summary.png>
Package pdftex.def Info: ../figs/summary.png  used on input line 994.
(pdftex.def)             Requested size: 292.21098pt x 334.24792pt.

Overfull \vbox (14.7438pt too high) detected at line 994
 []

[49

]
File: ../figs/summary.png Graphic file (type png)
<use ../figs/summary.png>
Package pdftex.def Info: ../figs/summary.png  used on input line 994.
(pdftex.def)             Requested size: 292.21098pt x 334.24792pt.

Overfull \vbox (14.7438pt too high) detected at line 994
 []

[50

]
<../figs/paper.png, id=925, 1788.6825pt x 776.9025pt>
File: ../figs/paper.png Graphic file (type png)
<use ../figs/paper.png>
Package pdftex.def Info: ../figs/paper.png  used on input line 1007.
(pdftex.def)             Requested size: 273.83728pt x 118.93681pt.
 [51

 <../figs/paper.png>] [52

] [53

] [54

]
<../figs/rounding-cond.pdf, id=973, 1304.875pt x 401.5pt>
File: ../figs/rounding-cond.pdf Graphic file (type pdf)
<use ../figs/rounding-cond.pdf>
Package pdftex.def Info: ../figs/rounding-cond.pdf  used on input line 1049.
(pdftex.def)             Requested size: 342.2953pt x 105.31874pt.
 [55

 <../figs/rounding-cond.pdf>] [56

] [57

]
<../figs/Jm1.pdf, id=994, 602.25pt x 401.5pt>
File: ../figs/Jm1.pdf Graphic file (type pdf)
<use ../figs/Jm1.pdf>
Package pdftex.def Info: ../figs/Jm1.pdf  used on input line 1100.
(pdftex.def)             Requested size: 205.37926pt x 136.91866pt.
 [58

 <../figs/Jm1.pdf>]
<../figs/table-constitutive.png, id=1015, 1210.5225pt x 442.65375pt>
File: ../figs/table-constitutive.png Graphic file (type png)
<use ../figs/table-constitutive.png>
Package pdftex.def Info: ../figs/table-constitutive.png  used on input line 1112.
(pdftex.def)             Requested size: 342.2953pt x 125.16473pt.
 [59

 <../figs/table-constitutive.png>]
File: ../figs/mixed-element.png Graphic file (type png)
<use ../figs/mixed-element.png>
Package pdftex.def Info: ../figs/mixed-element.png  used on input line 1131.
(pdftex.def)             Requested size: 136.91603pt x 105.64069pt.
 [60

]
<../figs/cont-p-1.png, id=1027, 1195.46625pt x 807.015pt>
File: ../figs/cont-p-1.png Graphic file (type png)
<use ../figs/cont-p-1.png>
Package pdftex.def Info: ../figs/cont-p-1.png  used on input line 1149.
(pdftex.def)             Requested size: 154.03183pt x 103.97977pt.
<../figs/cont-p-10.png, id=1028, 1195.46625pt x 807.015pt>
File: ../figs/cont-p-10.png Graphic file (type png)
<use ../figs/cont-p-10.png>
Package pdftex.def Info: ../figs/cont-p-10.png  used on input line 1149.
(pdftex.def)             Requested size: 154.03183pt x 103.97977pt.
 [61

 <../figs/cont-p-1.png> <../figs/cont-p-10.png>]
<../figs/dist-p-1.png, id=1037, 1195.46625pt x 807.015pt>
File: ../figs/dist-p-1.png Graphic file (type png)
<use ../figs/dist-p-1.png>
Package pdftex.def Info: ../figs/dist-p-1.png  used on input line 1167.
(pdftex.def)             Requested size: 154.03183pt x 103.97977pt.
<../figs/dist-p-10.png, id=1038, 1195.46625pt x 807.015pt>
File: ../figs/dist-p-10.png Graphic file (type png)
<use ../figs/dist-p-10.png>
Package pdftex.def Info: ../figs/dist-p-10.png  used on input line 1167.
(pdftex.def)             Requested size: 154.03183pt x 103.97977pt.
 [62

 <../figs/dist-p-1.png> <../figs/dist-p-10.png>]
<../figs/convergence-order-cont.png, id=1046, 1283.79625pt x 1016.79875pt>
File: ../figs/convergence-order-cont.png Graphic file (type png)
<use ../figs/convergence-order-cont.png>
Package pdftex.def Info: ../figs/convergence-order-cont.png  used on input line 1177.
(pdftex.def)             Requested size: 273.83728pt x 216.8853pt.
 [63

 <../figs/convergence-order-cont.png>]
<../figs/convergence-order-disc.png, id=1053, 1283.79625pt x 1016.79875pt>
File: ../figs/convergence-order-disc.png Graphic file (type png)
<use ../figs/convergence-order-disc.png>
Package pdftex.def Info: ../figs/convergence-order-disc.png  used on input line 1187.
(pdftex.def)             Requested size: 273.83728pt x 216.8853pt.
 [64

 <../figs/convergence-order-disc.png>]
<../figs/u-Q3Q2-320MPa-0.5.png, id=1060, 1667.22874pt x 1136.245pt>
File: ../figs/u-Q3Q2-320MPa-0.5.png Graphic file (type png)
<use ../figs/u-Q3Q2-320MPa-0.5.png>
Package pdftex.def Info: ../figs/u-Q3Q2-320MPa-0.5.png  used on input line 1217.
(pdftex.def)             Requested size: 116.37914pt x 79.30254pt.
<../figs/p-Q3Q2-320MPa-0.5.png, id=1061, 1667.22874pt x 1136.245pt>
File: ../figs/p-Q3Q2-320MPa-0.5.png Graphic file (type png)
<use ../figs/p-Q3Q2-320MPa-0.5.png>
Package pdftex.def Info: ../figs/p-Q3Q2-320MPa-0.5.png  used on input line 1217.
(pdftex.def)             Requested size: 116.37914pt x 79.30254pt.
<../figs/J-Q3Q2-320MPa-0.495.png, id=1062, 1667.22874pt x 1136.245pt>
File: ../figs/J-Q3Q2-320MPa-0.495.png Graphic file (type png)
<use ../figs/J-Q3Q2-320MPa-0.495.png>
Package pdftex.def Info: ../figs/J-Q3Q2-320MPa-0.495.png  used on input line 1217.
(pdftex.def)             Requested size: 116.37914pt x 79.30254pt.
<../figs/J-Q3Q2-320MPa-0.5.png, id=1063, 1667.22874pt x 1136.245pt>
File: ../figs/J-Q3Q2-320MPa-0.5.png Graphic file (type png)
<use ../figs/J-Q3Q2-320MPa-0.5.png>
Package pdftex.def Info: ../figs/J-Q3Q2-320MPa-0.5.png  used on input line 1217.
(pdftex.def)             Requested size: 116.37914pt x 79.30254pt.

Overfull \vbox (12.26785pt too high) detected at line 1217
 []

[65

 <../figs/u-Q3Q2-320MPa-0.5.png> <../figs/p-Q3Q2-320MPa-0.5.png> <../figs/J-Q3Q2-320MPa-0.495.png> <../figs/J-Q3Q2-320MPa-0.5.png>] [66

]
\tf@nav=\write6
\openout6 = `copper-2024.nav'.

\tf@toc=\write7
\openout7 = `copper-2024.toc'.

\tf@snm=\write8
\openout8 = `copper-2024.snm'.

 (./copper-2024.aux)
 ***********
LaTeX2e <2023-06-01>
L3 programming layer <2023-06-05>
 ***********


LaTeX Warning: There were multiply-defined labels.

Package rerunfilecheck Info: File `copper-2024.out' has not changed.
(rerunfilecheck)             Checksum: D41D8CD98F00B204E9800998ECF8427E;0.
 ) 
Here is how much of TeX's memory you used:
 29920 strings out of 475735
 609231 string characters out of 5784786
 1871759 words of memory out of 5000000
 49931 multiletter control sequences out of 15000+600000
 551438 words of font info for 149 fonts, out of 8000000 for 9000
 1141 hyphenation exceptions out of 8191
 128i,27n,123p,494b,873s stack positions out of 10000i,1000n,20000p,200000b,200000s
</usr/share/texlive/texmf-dist/fonts/type1/public/amsfonts/cm/cmex10.pfb></usr/share/texlive/texmf-dist/fonts/type1/public/amsfonts/cm/cmmi10.pfb></usr/share/texlive/texmf-dist/fonts/type1/public/amsfonts/cm/cmmi12.pfb></usr/share/texlive/texmf-dist/fonts/type1/public/amsfonts/cm/cmmi8.pfb></usr/share/texlive/texmf-dist/fonts/type1/public/amsfonts/cm/cmmi9.pfb></usr/share/texlive/texmf-dist/fonts/type1/public/amsfonts/cm/cmmib10.pfb></usr/share/texlive/texmf-dist/fonts/type1/public/amsfonts/cm/cmr17.pfb></usr/share/texlive/texmf-dist/fonts/type1/public/amsfonts/cm/cmss10.pfb></usr/share/texlive/texmf-dist/fonts/type1/public/amsfonts/cm/cmss12.pfb></usr/share/texlive/texmf-dist/fonts/type1/public/amsfonts/cm/cmss17.pfb></usr/share/texlive/texmf-dist/fonts/type1/public/amsfonts/cm/cmss8.pfb></usr/share/texlive/texmf-dist/fonts/type1/public/amsfonts/cm/cmss9.pfb></usr/share/texlive/texmf-dist/fonts/type1/public/amsfonts/cm/cmssbx10.pfb></usr/share/texlive/texmf-dist/fonts/type1/public/amsfonts/cm/cmssi10.pfb></usr/share/texlive/texmf-dist/fonts/type1/public/amsfonts/cm/cmssi12.pfb></usr/share/texlive/texmf-dist/fonts/type1/public/amsfonts/cm/cmssi8.pfb></usr/share/texlive/texmf-dist/fonts/type1/public/amsfonts/cm/cmssi9.pfb></usr/share/texlive/texmf-dist/fonts/type1/public/amsfonts/cm/cmsy10.pfb></usr/share/texlive/texmf-dist/fonts/type1/public/amsfonts/cm/cmsy6.pfb></usr/share/texlive/texmf-dist/fonts/type1/public/amsfonts/cm/cmsy7.pfb></usr/share/texlive/texmf-dist/fonts/type1/public/amsfonts/cm/cmsy8.pfb></usr/share/texlive/texmf-dist/fonts/type1/public/amsfonts/cm/cmtt10.pfb></usr/share/texlive/texmf-dist/fonts/type1/public/amsfonts/cm/cmtt8.pfb></usr/share/texlive/texmf-dist/fonts/type1/public/amsfonts/symbols/msam10.pfb></usr/share/texlive/texmf-dist/fonts/type1/public/amsfonts/symbols/msbm10.pfb></usr/share/texmf/fonts/type1/public/cm-super/sfso0800.pfb></usr/share/texmf/fonts/type1/public/cm-super/sfso1000.pfb></usr/share/texmf/fonts/type1/public/cm-super/sfso1200.pfb>
Output written on copper-2024.pdf (66 pages, 12830232 bytes).
PDF statistics:
 1229 PDF objects out of 1440 (max. 8388607)
 712 compressed objects within 8 object streams
 149 named destinations out of 1000 (max. 500000)
 555 words of extra memory for PDF output out of 10000 (max. 10000000)

